-1.840776950120925903e-02 -1.803961515426635742e+00 1.570796370506286621e+00 8.053399324417114258e-01 0.000000000000000000e+00
-4.295146465301513672e-02 -1.632155656814575195e+00 1.395922541618347168e+00 7.792622447013854980e-01 -6.135923322290182114e-03
-4.755340516567230225e-02 -1.501767277717590332e+00 1.244058489799499512e+00 7.869321703910827637e-01 -6.135923322290182114e-03
-6.442719697952270508e-02 -1.362174987792968750e+00 1.076854586601257324e+00 7.869321703910827637e-01 -6.135923322290182114e-03
-6.749515980482101440e-02 -1.222582697868347168e+00 8.989127874374389648e-01 8.007379770278930664e-01 -4.601942375302314758e-03
-7.209710031747817993e-02 -1.112136125564575195e+00 7.409127354621887207e-01 8.222137093544006348e-01 -4.601942375302314758e-03
-1.135145798325538635e-01 -9.924855828285217285e-01 5.721748471260070801e-01 8.329516053199768066e-01 -1.533980830572545528e-03
-1.334563344717025757e-01 -9.050486683845520020e-01 4.218447208404541016e-01 9.311263561248779297e-01 0.000000000000000000e+00
-1.794757544994354248e-01 -8.099418878555297852e-01 2.715145945549011230e-01 1.055378794670104980e+00 0.000000000000000000e+00
-3.129321038722991943e-01 -6.718835830688476562e-01 1.027767136693000793e-01 1.061514735221862793e+00 -1.533980830572545528e-03
-4.525243341922760010e-01 -5.414952039718627930e-01 -5.829127132892608643e-02 1.063048720359802246e+00 0.000000000000000000e+00
-6.151263117790222168e-01 -4.203107357025146484e-01 -1.917476058006286621e-01 1.064582705497741699e+00 1.533980830572545528e-03
-7.731263637542724609e-01 -3.221359848976135254e-01 -2.929903268814086914e-01 1.064582705497741699e+00 1.533980830572545528e-03
-9.265244007110595703e-01 -2.040194571018218994e-01 -4.187767803668975830e-01 1.064582705497741699e+00 1.533980830572545528e-03
-1.084524393081665039e+00 -8.130098134279251099e-02 -4.893398880958557129e-01 1.064582705497741699e+00 0.000000000000000000e+00
-1.213378787040710449e+00 6.902913749217987061e-02 -5.430291891098022461e-01 1.064582705497741699e+00 1.533980830572545528e-03
-1.231786608695983887e+00 1.380582749843597412e-01 -6.089903712272644043e-01 1.184233188629150391e+00 1.656699329614639282e-01
-1.231786608695983887e+00 1.457281857728958130e-01 -6.151263117790222168e-01 1.182699203491210938e+00 3.589515089988708496e-01
-1.231786608695983887e+00 1.472621560096740723e-01 -6.258642077445983887e-01 1.178097248077392578e+00 5.307573676109313965e-01
-1.233320593833923340e+00 1.487961411476135254e-01 -6.258642077445983887e-01 1.173495292663574219e+00 6.994952559471130371e-01
-1.239456534385681152e+00 1.580000221729278564e-01 -6.304661035537719727e-01 1.164291501045227051e+00 8.973788022994995117e-01
-1.244058489799499512e+00 1.641359478235244751e-01 -6.396700143814086914e-01 1.165825486183166504e+00 1.082990407943725586e+00
-1.262466192245483398e+00 1.718058586120605469e-01 -6.412039995193481445e-01 1.165825486183166504e+00 1.267068147659301758e+00
-1.274738073348999023e+00 1.871456652879714966e-01 -6.396700143814086914e-01 1.168893337249755859e+00 1.429670095443725586e+00
-1.288543939590454102e+00 2.055534273386001587e-01 -6.396700143814086914e-01 1.170427322387695312e+00 1.607611894607543945e+00
-1.300815701484680176e+00 3.574175238609313965e-01 -6.611457467079162598e-01 1.181165218353271484e+00 1.704252719879150391e+00
-1.308485627174377441e+00 5.108156204223632812e-01 -6.964272856712341309e-01 1.190369129180908203e+00 1.708854675292968750e+00
-1.314621567726135254e+00 6.688156127929687500e-01 -7.623884677886962891e-01 1.201107025146484375e+00 1.711922645568847656e+00
-1.512505054473876953e+00 7.255729436874389648e-01 -8.160778284072875977e-01 1.202641010284423828e+00 1.714990615844726562e+00
-1.607611894607543945e+00 7.516506314277648926e-01 -9.802137613296508789e-01 1.213378787040710449e+00 1.696582794189453125e+00
-1.630621671676635742e+00 8.421554565429687500e-01 -1.144349694252014160e+00 1.319223523139953613e+00 1.691980838775634766e+00
-1.633689641952514648e+00 9.173205494880676270e-01 -1.336097359657287598e+00 1.368310928344726562e+00 1.688912868499755859e+00
-1.635223507881164551e+00 9.940195679664611816e-01 -1.498699307441711426e+00 1.391320586204528809e+00 1.690446853637695312e+00
-1.635223507881164551e+00 1.086058378219604492e+00 -1.687378883361816406e+00 1.478757500648498535e+00 1.687378883361816406e+00
-1.649029374122619629e+00 1.158155560493469238e+00 -1.854582786560058594e+00 1.509437084197998047e+00 1.690446853637695312e+00
-1.627553701400756836e+00 9.986215233802795410e-01 -1.739534258842468262e+00 1.491029381752014160e+00 1.690446853637695312e+00
-1.603009939193725586e+00 8.544273376464843750e-01 -1.589204192161560059e+00 1.418932318687438965e+00 1.684310913085937500e+00
-1.575398325920104980e+00 7.102331519126892090e-01 -1.438874006271362305e+00 1.299281716346740723e+00 1.684310913085937500e+00
-1.541650772094726562e+00 5.660389065742492676e-01 -1.282407999038696289e+00 1.179631233215332031e+00 1.684310913085937500e+00
-1.487961411476135254e+00 3.942330777645111084e-01 -1.153553605079650879e+00 9.924855828285217285e-01 1.662835240364074707e+00
-1.406660437583923340e+00 2.208932340145111084e-01 -1.078388571739196777e+00 8.805050253868103027e-01 1.598407983779907227e+00
-1.302349686622619629e+00 5.829127132892608643e-02 -9.802137613296508789e-01 8.160778284072875977e-01 1.576932311058044434e+00
-1.222582697868347168e+00 -1.027767136693000793e-01 -9.004467725753784180e-01 6.856894493103027344e-01 1.552388548851013184e+00
-1.113670110702514648e+00 -2.300971299409866333e-01 -8.314176201820373535e-01 4.740000665187835693e-01 1.443475961685180664e+00
-1.018563270568847656e+00 -3.021942377090454102e-01 -7.807962298393249512e-01 2.853204309940338135e-01 1.325359463691711426e+00
-9.050486683845520020e-01 -3.666214048862457275e-01 -7.378447651863098145e-01 1.257864236831665039e-01 1.178097248077392578e+00
-7.685244083404541016e-01 -4.341165721416473389e-01 -6.902913451194763184e-01 3.681553900241851807e-02 1.018563270568847656e+00
-6.412039995193481445e-01 -5.000777244567871094e-01 -6.565437912940979004e-01 1.533980853855609894e-02 8.206797242164611816e-01
-5.123496055603027344e-01 -5.491651296615600586e-01 -6.550098061561584473e-01 1.380582712590694427e-02 6.197282671928405762e-01
-4.295146465301513672e-01 -5.936505794525146484e-01 -6.350680589675903320e-01 1.380582712590694427e-02 4.540583193302154541e-01
-3.052621781826019287e-01 -6.795535087585449219e-01 -4.985437691211700439e-01 1.073786616325378418e-02 2.715145945549011230e-01
-2.132233381271362305e-01 -7.731263637542724609e-01 -3.129321038722991943e-01 9.203884750604629517e-03 1.626019626855850220e-01
-1.549320667982101440e-01 -8.682331442832946777e-01 -1.073786616325378418e-01 9.203884750604629517e-03 9.970875084400177002e-02
-1.227184683084487915e-01 -9.418642520904541016e-01 7.669904083013534546e-02 1.073786616325378418e-02 5.522330850362777710e-02
-1.089126393198966980e-01 -9.986215233802795410e-01 2.346990704536437988e-01 2.454369328916072845e-02 5.215534940361976624e-02
-1.012427359819412231e-01 -1.072252631187438965e+00 4.279806613922119141e-01 5.829127132892608643e-02 5.215534940361976624e-02
-9.664079546928405762e-02 -1.152019619941711426e+00 5.905826091766357422e-01 1.058446764945983887e-01 5.062136799097061157e-02
-9.203884750604629517e-02 -1.264000177383422852e+00 7.623884677886962891e-01 1.810097396373748779e-01 3.681553900241851807e-02
-8.897088468074798584e-02 -1.400524497032165527e+00 9.234564304351806641e-01 2.991262674331665039e-01 2.607767470180988312e-02
-8.897088468074798584e-02 -1.518640995025634766e+00 1.072252631187438965e+00 4.509903788566589355e-01 -7.669904269278049469e-03
-8.283496648073196411e-02 -1.678174972534179688e+00 1.245592474937438965e+00 5.445631742477416992e-01 -4.141748324036598206e-02
-7.516506314277648926e-02 -1.797825574874877930e+00 1.406660437583923340e+00 6.181942820549011230e-01 -9.510681033134460449e-02
-6.289321184158325195e-02 -1.805495381355285645e+00 1.566194415092468262e+00 6.105243563652038574e-01 -1.027767136693000793e-01
